<?xml version="1.0" encoding="UTF-8"?>
<!-- Generated by org.testng.reporters.JUnitReportReporter -->
<testsuite skipped="1" hostname="WINDOWS-8J941V9" name="com.nopCommerceAutomation.LoginPageTest" tests="3" failures="0" timestamp="2020-01-08T23:42:39 CST" time="30.685" errors="0">
  <testcase name="userTryLoginWithoutUseNameAndPasswordTest" time="14.456" classname="com.nopCommerceAutomation.LoginPageTest"/>
  <testcase name="verifyLoginErrorMessageTest" time="16.229" classname="com.nopCommerceAutomation.LoginPageTest"/>
  <testcase name="validUserLoginSuccessTest" time="0.000" classname="com.nopCommerceAutomation.LoginPageTest">
    <skipped/>
  </testcase> <!-- validUserLoginSuccessTest -->
</testsuite> <!-- com.nopCommerceAutomation.LoginPageTest -->
