<?xml version="1.0" encoding="UTF-8"?>
<!-- Generated by org.testng.reporters.JUnitReportReporter -->
<testsuite skipped="0" hostname="WINDOWS-8J941V9" name="com.nopCommerceAutomation.HomePageTest" tests="6" failures="0" timestamp="2020-01-08T23:56:03 CST" time="73.248" errors="0">
  <testcase name="verifyPageTitleTest" time="11.798" classname="com.nopCommerceAutomation.HomePageTest"/>
  <testcase name="verifyLogo" time="11.677" classname="com.nopCommerceAutomation.HomePageTest"/>
  <testcase name="goToRegisterPage" time="12.383" classname="com.nopCommerceAutomation.HomePageTest"/>
  <testcase name="goToLoginPage" time="12.367" classname="com.nopCommerceAutomation.HomePageTest"/>
  <testcase name="goToWishListPage" time="12.178" classname="com.nopCommerceAutomation.HomePageTest"/>
  <testcase name="goToShoppingCartPage" time="12.845" classname="com.nopCommerceAutomation.HomePageTest"/>
</testsuite> <!-- com.nopCommerceAutomation.HomePageTest -->
